#
# There is insufficient memory for the Java Runtime Environment to continue.
# Native memory allocation (mmap) failed to map 257949696 bytes for G1 virtual space
# Possible reasons:
#   The system is out of physical RAM or swap space
#   The process is running with CompressedOops enabled, and the Java Heap may be blocking the growth of the native heap
# Possible solutions:
#   Reduce memory load on the system
#   Increase physical memory or swap space
#   Check if swap backing store is full
#   Decrease Java heap size (-Xmx/-Xms)
#   Decrease number of Java threads
#   Decrease Java thread stack sizes (-Xss)
#   Set larger code cache with -XX:ReservedCodeCacheSize=
#   JVM is running with Zero Based Compressed Oops mode in which the Java heap is
#     placed in the first 32GB address space. The Java Heap base address is the
#     maximum limit for the native heap growth. Please use -XX:HeapBaseMinAddress
#     to set the Java Heap base and to place the Java Heap above 32GB virtual address.
# This output file may be truncated or incomplete.
#
#  Out of Memory Error (os_windows.cpp:3557), pid=11388, tid=35608
#
# JRE version:  (17.0.6+10) (build )
# Java VM: OpenJDK 64-Bit Server VM (17.0.6+10-LTS, mixed mode, sharing, tiered, compressed oops, compressed class ptrs, g1 gc, windows-amd64)
# No core dump will be written. Minidumps are not enabled by default on client versions of Windows
#

---------------  S U M M A R Y ------------

Command Line: -Dfile.encoding=UTF-8 --module-path=D:\BaiTapLonJava_Nhom4\lib\jdatepicker-1.3.4.jar;D:\BaiTapLonJava_Nhom4\lib\sqljdbc42.jar -XX:+ShowCodeDetailsInExceptionMessages app_QLMBX.frmThanhToanTraGop

Host: AMD Ryzen 5 4600H with Radeon Graphics         , 12 cores, 15G,  Windows 11 , 64 bit Build 22621 (10.0.22621.1485)
Time: Sun Apr 30 02:07:38 2023 SE Asia Standard Time elapsed time: 0.007814 seconds (0d 0h 0m 0s)

---------------  T H R E A D  ---------------

Current thread (0x000001b6e17966d0):  JavaThread "Unknown thread" [_thread_in_vm, id=35608, stack(0x0000004d22c00000,0x0000004d22d00000)]

Stack: [0x0000004d22c00000,0x0000004d22d00000]
Native frames: (J=compiled Java code, j=interpreted, Vv=VM code, C=native code)
V  [jvm.dll+0x67bd2a]
V  [jvm.dll+0x839564]
V  [jvm.dll+0x83ad0e]
V  [jvm.dll+0x83b373]
V  [jvm.dll+0x246e85]
V  [jvm.dll+0x678c69]
V  [jvm.dll+0x66d31a]
V  [jvm.dll+0x30727b]
V  [jvm.dll+0x30e736]
V  [jvm.dll+0x35e09e]
V  [jvm.dll+0x35e2cf]
V  [jvm.dll+0x2de1c8]
V  [jvm.dll+0x2df134]
V  [jvm.dll+0x80aeb1]
V  [jvm.dll+0x36be61]
V  [jvm.dll+0x7ea32c]
V  [jvm.dll+0x3ee23f]
V  [jvm.dll+0x3efd81]
C  [jli.dll+0x526b]
C  [ucrtbase.dll+0x29363]
C  [KERNEL32.DLL+0x1269d]
C  [ntdll.dll+0x5a9f8]


---------------  P R O C E S S  ---------------

Threads class SMR info:
_java_thread_list=0x00007ffbb9aa0018, length=0, elements={
}

Java Threads: ( => current thread )

Other Threads:
  0x000001b6e18037d0 GCTaskThread "GC Thread#0" [stack: 0x0000004d22d00000,0x0000004d22e00000] [id=34648]
  0x000001b6e1815d80 ConcurrentGCThread "G1 Main Marker" [stack: 0x0000004d22e00000,0x0000004d22f00000] [id=36712]
  0x000001b6e1817ce0 ConcurrentGCThread "G1 Conc#0" [stack: 0x0000004d22f00000,0x0000004d23000000] [id=32932]

[error occurred during error reporting (printing all threads), id 0xc0000005, EXCEPTION_ACCESS_VIOLATION (0xc0000005) at pc=0x00007ffbb925ebe7]

VM state: not at safepoint (not fully initialized)

VM Mutex/Monitor currently owned by a thread:  ([mutex/lock_event])
[0x000001b6e1791670] Heap_lock - owner thread: 0x000001b6e17966d0

Heap address: 0x000000070a000000, size: 3936 MB, Compressed Oops mode: Zero based, Oop shift amount: 3

CDS archive(s) mapped at: [0x0000000000000000-0x0000000000000000-0x0000000000000000), size 0, SharedBaseAddress: 0x0000000800000000, ArchiveRelocationMode: 0.
Narrow klass base: 0x0000000000000000, Narrow klass shift: 0, Narrow klass range: 0x0

GC Precious Log:
<Empty>

Heap:
 garbage-first heap   total 0K, used 0K [0x000000070a000000, 0x0000000800000000)
  region size 2048K, 0 young (0K), 0 survivors (0K)

[error occurred during error reporting (printing heap information), id 0xc0000005, EXCEPTION_ACCESS_VIOLATION (0xc0000005) at pc=0x00007ffbb96451e9]

GC Heap History (0 events):
No events

Dll operation events (1 events):
Event: 0.005 Loaded shared library C:\Program Files\Microsoft\jdk-17.0.6.10-hotspot\bin\java.dll

Deoptimization events (0 events):
No events

Classes unloaded (0 events):
No events

Classes redefined (0 events):
No events

Internal exceptions (0 events):
No events

VM Operations (0 events):
No events

Events (0 events):
No events


Dynamic libraries:
0x00007ff6d3780000 - 0x00007ff6d378e000 	C:\Program Files\Microsoft\jdk-17.0.6.10-hotspot\bin\javaw.exe
0x00007ffc13ad0000 - 0x00007ffc13ce4000 	C:\WINDOWS\SYSTEM32\ntdll.dll
0x00007ffc11e50000 - 0x00007ffc11f12000 	C:\WINDOWS\System32\KERNEL32.DLL
0x00007ffc111a0000 - 0x00007ffc1153c000 	C:\WINDOWS\System32\KERNELBASE.dll
0x00007ffc10f10000 - 0x00007ffc11021000 	C:\WINDOWS\System32\ucrtbase.dll
0x00007ffc0a870000 - 0x00007ffc0a887000 	C:\Program Files\Microsoft\jdk-17.0.6.10-hotspot\bin\jli.dll
0x00007ffc0aa70000 - 0x00007ffc0aa8b000 	C:\Program Files\Microsoft\jdk-17.0.6.10-hotspot\bin\VCRUNTIME140.dll
0x00007ffc13530000 - 0x00007ffc136db000 	C:\WINDOWS\System32\USER32.dll
0x00007ffc116f0000 - 0x00007ffc11716000 	C:\WINDOWS\System32\win32u.dll
0x00007ffbff200000 - 0x00007ffbff48e000 	C:\WINDOWS\WinSxS\amd64_microsoft.windows.common-controls_6595b64144ccf1df_6.0.22621.608_none_a9444ca7c10bb01d\COMCTL32.dll
0x00007ffc127b0000 - 0x00007ffc127d9000 	C:\WINDOWS\System32\GDI32.dll
0x00007ffc123a0000 - 0x00007ffc12447000 	C:\WINDOWS\System32\msvcrt.dll
0x00007ffc11720000 - 0x00007ffc11833000 	C:\WINDOWS\System32\gdi32full.dll
0x00007ffc11840000 - 0x00007ffc118da000 	C:\WINDOWS\System32\msvcp_win.dll
0x00007ffc132f0000 - 0x00007ffc13321000 	C:\WINDOWS\System32\IMM32.DLL
0x00007ffc0ac20000 - 0x00007ffc0ac2c000 	C:\Program Files\Microsoft\jdk-17.0.6.10-hotspot\bin\vcruntime140_1.dll
0x00007ffbfaa10000 - 0x00007ffbfaa9d000 	C:\Program Files\Microsoft\jdk-17.0.6.10-hotspot\bin\msvcp140.dll
0x00007ffbb8f70000 - 0x00007ffbb9bd1000 	C:\Program Files\Microsoft\jdk-17.0.6.10-hotspot\bin\server\jvm.dll
0x00007ffc12650000 - 0x00007ffc126fe000 	C:\WINDOWS\System32\ADVAPI32.dll
0x00007ffc13240000 - 0x00007ffc132e4000 	C:\WINDOWS\System32\sechost.dll
0x00007ffc11d20000 - 0x00007ffc11e37000 	C:\WINDOWS\System32\RPCRT4.dll
0x00007ffbfae30000 - 0x00007ffbfae39000 	C:\WINDOWS\SYSTEM32\WSOCK32.dll
0x00007ffc09320000 - 0x00007ffc0932a000 	C:\WINDOWS\SYSTEM32\VERSION.dll
0x00007ffc11c00000 - 0x00007ffc11c71000 	C:\WINDOWS\System32\WS2_32.dll
0x00007ffc09ab0000 - 0x00007ffc09ae4000 	C:\WINDOWS\SYSTEM32\WINMM.dll
0x00007ffc10000000 - 0x00007ffc10018000 	C:\WINDOWS\SYSTEM32\kernel.appcore.dll
0x00007ffc08c40000 - 0x00007ffc08c4a000 	C:\Program Files\Microsoft\jdk-17.0.6.10-hotspot\bin\jimage.dll
0x00007ffc0eb70000 - 0x00007ffc0ed9e000 	C:\WINDOWS\SYSTEM32\DBGHELP.DLL
0x00007ffc13700000 - 0x00007ffc13a89000 	C:\WINDOWS\System32\combase.dll
0x00007ffc13330000 - 0x00007ffc13407000 	C:\WINDOWS\System32\OLEAUT32.dll
0x00007ffbfd600000 - 0x00007ffbfd632000 	C:\WINDOWS\SYSTEM32\dbgcore.DLL
0x00007ffc11670000 - 0x00007ffc116eb000 	C:\WINDOWS\System32\bcryptPrimitives.dll
0x00007ffbedd00000 - 0x00007ffbedd25000 	C:\Program Files\Microsoft\jdk-17.0.6.10-hotspot\bin\java.dll

dbghelp: loaded successfully - version: 4.0.5 - missing functions: none
symbol engine: initialized successfully - sym options: 0x614 - pdb path: .;C:\Program Files\Microsoft\jdk-17.0.6.10-hotspot\bin;C:\WINDOWS\SYSTEM32;C:\WINDOWS\WinSxS\amd64_microsoft.windows.common-controls_6595b64144ccf1df_6.0.22621.608_none_a9444ca7c10bb01d;C:\Program Files\Microsoft\jdk-17.0.6.10-hotspot\bin\server

VM Arguments:
jvm_args: -Dfile.encoding=UTF-8 --module-path=D:\BaiTapLonJava_Nhom4\lib\jdatepicker-1.3.4.jar;D:\BaiTapLonJava_Nhom4\lib\sqljdbc42.jar -XX:+ShowCodeDetailsInExceptionMessages 
java_command: app_QLMBX.frmThanhToanTraGop
java_class_path (initial): D:\Phong\HK4\LapTrinhHuongSuKien\Bai_Tap_Lon\BaiTapLonJava_Nhom4\bin;D:\Phong\HK4\LapTrinhHuongSuKien\Bai_Tap_Lon\BaiTapLonJava_Nhom4\miglayout15-swing.jar
Launcher Type: SUN_STANDARD

[Global flags]
     intx CICompilerCount                          = 4                                         {product} {ergonomic}
     uint ConcGCThreads                            = 3                                         {product} {ergonomic}
     uint G1ConcRefinementThreads                  = 10                                        {product} {ergonomic}
   size_t G1HeapRegionSize                         = 2097152                                   {product} {ergonomic}
    uintx GCDrainStackTargetSize                   = 64                                        {product} {ergonomic}
   size_t InitialHeapSize                          = 257949696                                 {product} {ergonomic}
   size_t MarkStackSize                            = 4194304                                   {product} {ergonomic}
   size_t MaxHeapSize                              = 4127195136                                {product} {ergonomic}
   size_t MinHeapDeltaBytes                        = 2097152                                   {product} {ergonomic}
   size_t MinHeapSize                              = 8388608                                   {product} {ergonomic}
    uintx NonNMethodCodeHeapSize                   = 5839372                                {pd product} {ergonomic}
    uintx NonProfiledCodeHeapSize                  = 122909434                              {pd product} {ergonomic}
    uintx ProfiledCodeHeapSize                     = 122909434                              {pd product} {ergonomic}
    uintx ReservedCodeCacheSize                    = 251658240                              {pd product} {ergonomic}
     bool SegmentedCodeCache                       = true                                      {product} {ergonomic}
     bool ShowCodeDetailsInExceptionMessages       = true                                   {manageable} {command line}
   size_t SoftMaxHeapSize                          = 4127195136                             {manageable} {ergonomic}
     bool UseCompressedClassPointers               = true                           {product lp64_product} {ergonomic}
     bool UseCompressedOops                        = true                           {product lp64_product} {ergonomic}
     bool UseG1GC                                  = true                                      {product} {ergonomic}
     bool UseLargePagesIndividualAllocation        = false                                  {pd product} {ergonomic}

Logging:
Log output configuration:
 #0: stdout all=warning uptime,level,tags
 #1: stderr all=off uptime,level,tags

Environment Variables:
JAVA_HOME=C:\Program Files\Microsoft\jdk-17.0.6.10-hotspot\
PATH=C:/Program Files/Microsoft/jdk-17.0.6.10-hotspot/bin/server;C:/Program Files/Microsoft/jdk-17.0.6.10-hotspot/bin;C:\Program Files\Microsoft\jdk-17.0.6.10-hotspot\bin;C:\WINDOWS\system32;C:\WINDOWS;C:\WINDOWS\System32\Wbem;C:\WINDOWS\System32\WindowsPowerShell\v1.0\;C:\WINDOWS\System32\OpenSSH\;C:\Program Files (x86)\Microsoft SQL Server\160\DTS\Binn\;C:\Program Files\Azure Data Studio\bin;C:\Program Files (x86)\Microsoft SQL Server\160\Tools\Binn\;C:\Program Files\Microsoft SQL Server\160\Tools\Binn\;C:\Program Files\Microsoft SQL Server\Client SDK\ODBC\170\Tools\Binn\;C:\Program Files\Microsoft SQL Server\160\DTS\Binn\;C:\Program Files\Git\cmd;C:\Program Files\MongoDB\Server\6.0\bin;C:\Users\Admin\Downloads\mongosh-1.8.0-win32-x64\mongosh-1.8.0-win32-x64\bin;C:\Program Files\MongoDB\Tools\100\bin;C:\Users\Admin\AppData\Local\Microsoft\WindowsApps;;C:\Program Files\Azure Data Studio\bin;C:\Users\Admin\AppData\Local\Programs\Microsoft VS Code\bin;C:\Users\Admin\Desktop;
USERNAME=Admin
OS=Windows_NT
PROCESSOR_IDENTIFIER=AMD64 Family 23 Model 96 Stepping 1, AuthenticAMD
TMP=C:\Users\Admin\AppData\Local\Temp
TEMP=C:\Users\Admin\AppData\Local\Temp



---------------  S Y S T E M  ---------------

OS:
 Windows 11 , 64 bit Build 22621 (10.0.22621.1485)
OS uptime: 3 days 4:04 hours

CPU: total 12 (initial active 12) (12 cores per cpu, 2 threads per core) family 23 model 96 stepping 1 microcode 0x0, cx8, cmov, fxsr, ht, mmx, 3dnowpref, sse, sse2, sse3, ssse3, sse4a, sse4.1, sse4.2, popcnt, lzcnt, tsc, tscinvbit, avx, avx2, aes, clmul, bmi1, bmi2, adx, sha, fma, vzeroupper, clflush, clflushopt

Memory: 4k page, system-wide physical 15741M (1594M free)
TotalPageFile size 64893M (AvailPageFile size 62M)
current process WorkingSet (physical memory assigned to process): 11M, peak: 11M
current process commit charge ("private bytes"): 64M, peak: 310M

vm_info: OpenJDK 64-Bit Server VM (17.0.6+10-LTS) for windows-amd64 JRE (17.0.6+10-LTS), built on Jan 18 2023 20:23:22 by "MicrosoftCorporation" with MS VC++ 16.10 / 16.11 (VS2019)

END.
